{"logTime": "0323/113245", "correlationVector":"YiillGA1A2YBW4jWwROB1E.0","action":"FeedSettingFetch_homeCloud", "result":"0", "context":{}}
{"logTime": "0323/113246", "correlationVector":"YiillGA1A2YBW4jWwROB1E.0","action":"SyncServerConnectionManagerRequest", "result":"SYNC_SERVER_OK", "context":{"environment":"", "migrationStage":"", "server":""}}
{"logTime": "0323/113246", "correlationVector":"yVBbyS7/EfwJslEOzXva3h.1","action":"SyncServerConnectionManagerRequest", "result":"SYNC_SERVER_OK", "context":{"environment":"Prod_SoutheastAsia_000j", "migrationStage":"NotStarted", "server":"GENERAL0100000X"}}
{"logTime": "0323/113246", "correlationVector":"yVBbyS7/EfwJslEOzXva3h","action":"Initial GetUpdates", "result":"", "context":Reason: NEW_CLIENT. cV=yVBbyS7/EfwJslEOzXva3h}
{"logTime": "0323/113246", "correlationVector":"yVBbyS7/EfwJslEOzXva3h.2","action":"GetUpdates Response", "result":"SYNCER_OK", "context":Received 1 update(s). cV=yVBbyS7/EfwJslEOzXva3h.0;server=GENERAL0100000X;cloudType=Consumer;environment=Prod_SoutheastAsia_000j;migrationStage=NotStarted}
{"logTime": "0323/113246", "correlationVector":"WHODSiDLhyVTJgLLSFyre1","action":"Initial GetUpdates", "result":"", "context":Reason: NEW_CLIENT. cV=WHODSiDLhyVTJgLLSFyre1}
{"logTime": "0323/113246", "correlationVector":"WHODSiDLhyVTJgLLSFyre1.1","action":"SyncServerConnectionManagerRequest", "result":"SYNC_SERVER_OK", "context":{"environment":"Prod_SoutheastAsia_000j", "migrationStage":"NotStarted", "server":"GENERAL0100000O"}}
{"logTime": "0323/113246", "correlationVector":"WHODSiDLhyVTJgLLSFyre1.2","action":"GetUpdates Response", "result":"SYNCER_OK", "context":Received 3 update(s). cV=WHODSiDLhyVTJgLLSFyre1.0;server=GENERAL0100000O;cloudType=Consumer;environment=Prod_SoutheastAsia_000j;migrationStage=NotStarted}
{"logTime": "0323/113246", "correlationVector":"tFBQQexY804h4Qz7cEHam8","action":"Normal GetUpdate request", "result":"", "context":cV=tFBQQexY804h4Qz7cEHam8
Nudged types: Device Info, User Consents
Refresh requested types: Device Info, User Consents, Send Tab To Self, Encryption Keys}
{"logTime": "0323/113246", "correlationVector":"tFBQQexY804h4Qz7cEHam8.1","action":"SyncServerConnectionManagerRequest", "result":"SYNC_SERVER_OK", "context":{"environment":"Prod_SoutheastAsia_000j", "migrationStage":"NotStarted", "server":"GENERAL0100001I"}}
{"logTime": "0323/113246", "correlationVector":"tFBQQexY804h4Qz7cEHam8.2","action":"GetUpdates Response", "result":"SYNCER_OK", "context":Received 0 update(s). cV=tFBQQexY804h4Qz7cEHam8.0;server=GENERAL0100001I;cloudType=Consumer;environment=Prod_SoutheastAsia_000j;migrationStage=NotStarted}
{"logTime": "0323/113246", "correlationVector":"FqXZJq4Rw3Qn+KpHNYc0ht","action":"Commit Request", "result":"", "context":Item count: 1
Contributing types: Device Info}
{"logTime": "0323/113247", "correlationVector":"FqXZJq4Rw3Qn+KpHNYc0ht.1","action":"SyncServerConnectionManagerRequest", "result":"SYNC_SERVER_OK", "context":{"environment":"Prod_SoutheastAsia_000j", "migrationStage":"NotStarted", "server":"GENERAL0100001C"}}
{"logTime": "0323/113247", "correlationVector":"FqXZJq4Rw3Qn+KpHNYc0ht.2","action":"Commit Response", "result":"SYNCER_OK", "context":Result: SYNCER_OK. cV=FqXZJq4Rw3Qn+KpHNYc0ht.0;server=GENERAL0100001C;cloudType=Consumer;environment=Prod_SoutheastAsia_000j;migrationStage=NotStarted}
{"logTime": "0323/113247", "correlationVector":"Fs1gmEQBoEUe7Hhj+A8nIR","action":"Commit Request", "result":"", "context":Item count: 2
Contributing types: User Consents}
{"logTime": "0323/113247", "correlationVector":"Fs1gmEQBoEUe7Hhj+A8nIR.1","action":"SyncServerConnectionManagerRequest", "result":"SYNC_SERVER_OK", "context":{"environment":"Prod_SoutheastAsia_000j", "migrationStage":"NotStarted", "server":"GENERAL01000006"}}
{"logTime": "0323/113247", "correlationVector":"Fs1gmEQBoEUe7Hhj+A8nIR.2","action":"Commit Response", "result":"SYNCER_OK", "context":Result: SYNCER_OK. cV=Fs1gmEQBoEUe7Hhj+A8nIR.0;server=GENERAL01000006;cloudType=Consumer;environment=Prod_SoutheastAsia_000j;migrationStage=NotStarted}
{"logTime": "0323/113247", "correlationVector":"lABMeLQ4rgWEHZxNLA1ywE","action":"Normal GetUpdate request", "result":"", "context":cV=lABMeLQ4rgWEHZxNLA1ywE
Nudged types: Device Info}
{"logTime": "0323/113248", "correlationVector":"lABMeLQ4rgWEHZxNLA1ywE.1","action":"SyncServerConnectionManagerRequest", "result":"SYNC_SERVER_OK", "context":{"environment":"Prod_SoutheastAsia_000j", "migrationStage":"NotStarted", "server":"GENERAL01000001"}}
{"logTime": "0323/113248", "correlationVector":"lABMeLQ4rgWEHZxNLA1ywE.2","action":"GetUpdates Response", "result":"SYNCER_OK", "context":Received 1 update(s). cV=lABMeLQ4rgWEHZxNLA1ywE.0;server=GENERAL01000001;cloudType=Consumer;environment=Prod_SoutheastAsia_000j;migrationStage=NotStarted}
{"logTime": "0323/155400", "correlationVector":"kBIJfQyPpzTtLWJgZxnZCM.0","action":"FeedSettingFetch_homeCloud", "result":"0", "context":{}}
{"logTime": "0323/155400", "correlationVector":"iH3sQsL61tSFfYSWNM1DGK.1","action":"SyncServerConnectionManagerRequest", "result":"SYNC_SERVER_OK", "context":{"environment":"Prod_SoutheastAsia_000j", "migrationStage":"NotStarted", "server":"GENERAL0100000M"}}
{"logTime": "0323/155400", "correlationVector":"iH3sQsL61tSFfYSWNM1DGK","action":"Initial GetUpdates", "result":"", "context":Reason: NEW_CLIENT. cV=iH3sQsL61tSFfYSWNM1DGK}
{"logTime": "0323/155400", "correlationVector":"iH3sQsL61tSFfYSWNM1DGK.2","action":"GetUpdates Response", "result":"SYNCER_OK", "context":Received 1 update(s). cV=iH3sQsL61tSFfYSWNM1DGK.0;server=GENERAL0100000M;cloudType=Consumer;environment=Prod_SoutheastAsia_000j;migrationStage=NotStarted}
{"logTime": "0323/155400", "correlationVector":"OuqeuUNGrUOL3yhA3cg1iR","action":"Initial GetUpdates", "result":"", "context":Reason: NEWLY_SUPPORTED_DATATYPE. cV=OuqeuUNGrUOL3yhA3cg1iR}
{"logTime": "0323/155400", "correlationVector":"OuqeuUNGrUOL3yhA3cg1iR.1","action":"SyncServerConnectionManagerRequest", "result":"SYNC_SERVER_OK", "context":{"environment":"Prod_SoutheastAsia_000j", "migrationStage":"NotStarted", "server":"general0100000U"}}
{"logTime": "0323/155400", "correlationVector":"OuqeuUNGrUOL3yhA3cg1iR.2","action":"GetUpdates Response", "result":"SYNCER_OK", "context":Received 5 update(s). cV=OuqeuUNGrUOL3yhA3cg1iR.0;server=general0100000U;cloudType=Consumer;environment=Prod_SoutheastAsia_000j;migrationStage=NotStarted}
{"logTime": "0323/155400", "correlationVector":"WXUfn4+Ei+p55l8cU34Uj3","action":"SyncServerConnectionManagerRequest", "result":"SYNC_SERVER_OK", "context":{"environment":"", "migrationStage":"", "server":""}}
{"logTime": "0323/155400", "correlationVector":"EJ+cdTMLQF2ugRbjzQz7Uf","action":"Normal GetUpdate request", "result":"", "context":cV=EJ+cdTMLQF2ugRbjzQz7Uf
Nudged types: Device Info, User Consents
Refresh requested types: Device Info, User Consents, Send Tab To Self, Encryption Keys}
{"logTime": "0323/155400", "correlationVector":"EJ+cdTMLQF2ugRbjzQz7Uf.1","action":"SyncServerConnectionManagerRequest", "result":"SYNC_SERVER_OK", "context":{"environment":"Prod_SoutheastAsia_000j", "migrationStage":"NotStarted", "server":"GENERAL01000009"}}
{"logTime": "0323/155401", "correlationVector":"EJ+cdTMLQF2ugRbjzQz7Uf.2","action":"GetUpdates Response", "result":"SYNCER_OK", "context":Received 0 update(s). cV=EJ+cdTMLQF2ugRbjzQz7Uf.0;server=GENERAL01000009;cloudType=Consumer;environment=Prod_SoutheastAsia_000j;migrationStage=NotStarted}
{"logTime": "0323/155401", "correlationVector":"zoAOCc2irI/bsNSlZWNaDp","action":"Commit Request", "result":"", "context":Item count: 1
Contributing types: Device Info}
{"logTime": "0323/155401", "correlationVector":"zoAOCc2irI/bsNSlZWNaDp.1","action":"SyncServerConnectionManagerRequest", "result":"SYNC_SERVER_OK", "context":{"environment":"Prod_SoutheastAsia_000j", "migrationStage":"NotStarted", "server":"GENERAL0100000N"}}
{"logTime": "0323/155401", "correlationVector":"zoAOCc2irI/bsNSlZWNaDp.2","action":"Commit Response", "result":"SYNCER_OK", "context":Result: SYNCER_OK. cV=zoAOCc2irI/bsNSlZWNaDp.0;server=GENERAL0100000N;cloudType=Consumer;environment=Prod_SoutheastAsia_000j;migrationStage=NotStarted}
{"logTime": "0323/155401", "correlationVector":"CMFuEieyOcuVYwIDOI91Tu","action":"Commit Request", "result":"", "context":Item count: 1
Contributing types: User Consents}
{"logTime": "0323/155401", "correlationVector":"CMFuEieyOcuVYwIDOI91Tu.1","action":"SyncServerConnectionManagerRequest", "result":"SYNC_SERVER_OK", "context":{"environment":"Prod_SoutheastAsia_000j", "migrationStage":"NotStarted", "server":"general01000012"}}
{"logTime": "0323/155401", "correlationVector":"CMFuEieyOcuVYwIDOI91Tu.2","action":"Commit Response", "result":"SYNCER_OK", "context":Result: SYNCER_OK. cV=CMFuEieyOcuVYwIDOI91Tu.0;server=general01000012;cloudType=Consumer;environment=Prod_SoutheastAsia_000j;migrationStage=NotStarted}
{"logTime": "0323/155401", "correlationVector":"Fh3shlIRzCUspnZHE5o7KX","action":"Normal GetUpdate request", "result":"", "context":cV=Fh3shlIRzCUspnZHE5o7KX
Nudged types: Device Info
Refresh requested types: Device Info, User Consents, Send Tab To Self, Encryption Keys}
{"logTime": "0323/155401", "correlationVector":"Fh3shlIRzCUspnZHE5o7KX.1","action":"SyncServerConnectionManagerRequest", "result":"SYNC_SERVER_OK", "context":{"environment":"Prod_SoutheastAsia_000j", "migrationStage":"NotStarted", "server":"GENERAL01000011"}}
{"logTime": "0323/155401", "correlationVector":"Fh3shlIRzCUspnZHE5o7KX.2","action":"GetUpdates Response", "result":"SYNCER_OK", "context":Received 1 update(s). cV=Fh3shlIRzCUspnZHE5o7KX.0;server=GENERAL01000011;cloudType=Consumer;environment=Prod_SoutheastAsia_000j;migrationStage=NotStarted}
{"logTime": "0323/155402", "correlationVector":"q0YZCwJnpkEaUyKp6FDM6W","action":"Initial GetUpdates", "result":"", "context":Reason: RECONFIGURATION. cV=q0YZCwJnpkEaUyKp6FDM6W}
{"logTime": "0323/155403", "correlationVector":"q0YZCwJnpkEaUyKp6FDM6W.1","action":"SyncServerConnectionManagerRequest", "result":"SYNC_SERVER_OK", "context":{"environment":"Prod_SoutheastAsia_000j", "migrationStage":"NotStarted", "server":"GENERAL0100000W"}}
{"logTime": "0323/155403", "correlationVector":"q0YZCwJnpkEaUyKp6FDM6W.2","action":"GetUpdates Response", "result":"SYNCER_OK", "context":Received 39 update(s). cV=q0YZCwJnpkEaUyKp6FDM6W.0;server=GENERAL0100000W;cloudType=Consumer;environment=Prod_SoutheastAsia_000j;migrationStage=NotStarted}
{"logTime": "0323/155403", "correlationVector":"el3zNYx3ZlRpkwFHs1ajJg","action":"Initial GetUpdates", "result":"", "context":Reason: PROGRAMMATIC. cV=el3zNYx3ZlRpkwFHs1ajJg}
{"logTime": "0323/155404", "correlationVector":"el3zNYx3ZlRpkwFHs1ajJg.1","action":"SyncServerConnectionManagerRequest", "result":"SYNC_SERVER_OK", "context":{"environment":"Prod_SoutheastAsia_000j", "migrationStage":"NotStarted", "server":"GENERAL0100001D"}}
{"logTime": "0323/155404", "correlationVector":"el3zNYx3ZlRpkwFHs1ajJg.2","action":"GetUpdates Response", "result":"SYNCER_OK", "context":Received 103 update(s). cV=el3zNYx3ZlRpkwFHs1ajJg.0;server=GENERAL0100001D;cloudType=Consumer;environment=Prod_SoutheastAsia_000j;migrationStage=NotStarted}
{"logTime": "0323/155404", "correlationVector":"bt8yURvLq+x9OrnDf14q32","action":"Initial GetUpdates", "result":"", "context":Reason: PROGRAMMATIC. cV=bt8yURvLq+x9OrnDf14q32}
{"logTime": "0323/155405", "correlationVector":"bt8yURvLq+x9OrnDf14q32.1","action":"SyncServerConnectionManagerRequest", "result":"SYNC_SERVER_OK", "context":{"environment":"Prod_SoutheastAsia_000j", "migrationStage":"NotStarted", "server":"GENERAL01000006"}}
{"logTime": "0323/155406", "correlationVector":"bt8yURvLq+x9OrnDf14q32.2","action":"GetUpdates", "result":"DeleteReceived", "context":{"id":"8cfad45b-e7bc-45d8-a518-e45cb820576d", "isDeleted:":"true", "version":"1675871110565"}}
{"logTime": "0323/155406", "correlationVector":"bt8yURvLq+x9OrnDf14q32.3","action":"GetUpdates", "result":"DeleteReceived", "context":{"id":"b8f7c26e-a6db-4382-9dd3-ea3ceb6ddf01", "isDeleted:":"true", "version":"1677408165981"}}
{"logTime": "0323/155406", "correlationVector":"bt8yURvLq+x9OrnDf14q32.4","action":"GetUpdates", "result":"DeleteReceived", "context":{"id":"2a547e18-666d-4ee4-a9ab-a5c8596438cb", "isDeleted:":"true", "version":"1677408165984"}}
{"logTime": "0323/155406", "correlationVector":"bt8yURvLq+x9OrnDf14q32.5","action":"GetUpdates", "result":"DeleteReceived", "context":{"id":"ca22c254-4d2a-4034-b295-d445be95174c", "isDeleted:":"true", "version":"1677409543487"}}
{"logTime": "0323/155406", "correlationVector":"bt8yURvLq+x9OrnDf14q32.6","action":"GetUpdates", "result":"DeleteReceived", "context":{"id":"5f33c648-f1e0-4793-a1ee-73acbc1e1615", "isDeleted:":"true", "version":"1677410985800"}}
{"logTime": "0323/155406", "correlationVector":"bt8yURvLq+x9OrnDf14q32.7","action":"GetUpdates", "result":"DeleteReceived", "context":{"id":"a9c181a1-32bc-4369-a452-1d3483266ba7", "isDeleted:":"true", "version":"1677411511338"}}
{"logTime": "0323/155406", "correlationVector":"bt8yURvLq+x9OrnDf14q32.8","action":"GetUpdates", "result":"DeleteReceived", "context":{"id":"2fd97d24-5e68-4b52-9236-243d2dbb9874", "isDeleted:":"true", "version":"1677412340255"}}
{"logTime": "0323/155406", "correlationVector":"bt8yURvLq+x9OrnDf14q32.9","action":"GetUpdates", "result":"DeleteReceived", "context":{"id":"7ac7cf6e-bc28-4e18-a0a8-ad6e247f21f0", "isDeleted:":"true", "version":"1677412340256"}}
{"logTime": "0323/155406", "correlationVector":"bt8yURvLq+x9OrnDf14q32.10","action":"GetUpdates", "result":"DeleteReceived", "context":{"id":"88a20297-6ed4-409b-8f90-35924973d542", "isDeleted:":"true", "version":"1677412340258"}}
{"logTime": "0323/155406", "correlationVector":"bt8yURvLq+x9OrnDf14q32.11","action":"GetUpdates", "result":"DeleteReceived", "context":{"id":"6e2a871d-6a42-48fc-846d-d9fef2e8e257", "isDeleted:":"true", "version":"1678290041331"}}
{"logTime": "0323/155406", "correlationVector":"bt8yURvLq+x9OrnDf14q32.12","action":"GetUpdates", "result":"DeleteReceived", "context":{"id":"d10651eb-8a58-435b-af14-53d9fad667ab", "isDeleted:":"true", "version":"1679017119086"}}
{"logTime": "0323/155406", "correlationVector":"bt8yURvLq+x9OrnDf14q32.13","action":"GetUpdates", "result":"DeleteReceived", "context":{"id":"6d4e8cd5-bdd2-42b6-8573-b393a06eddff", "isDeleted:":"true", "version":"1679017119087"}}
{"logTime": "0323/155406", "correlationVector":"bt8yURvLq+x9OrnDf14q32.14","action":"GetUpdates", "result":"DeleteReceived", "context":{"id":"f7ab47e5-9528-41e8-8b80-cb71a1a764dc", "isDeleted:":"true", "version":"1679017119089"}}
{"logTime": "0323/155406", "correlationVector":"bt8yURvLq+x9OrnDf14q32.15","action":"GetUpdates", "result":"DeleteReceived", "context":{"id":"245f0a8e-596d-4f13-9baa-83ea5a794a88", "isDeleted:":"true", "version":"1679019325609"}}
{"logTime": "0323/155406", "correlationVector":"bt8yURvLq+x9OrnDf14q32.16","action":"GetUpdates", "result":"DeleteReceived", "context":{"id":"ee64c705-d446-4303-a658-b031a15c8da9", "isDeleted:":"true", "version":"1679019325611"}}
{"logTime": "0323/155406", "correlationVector":"bt8yURvLq+x9OrnDf14q32.17","action":"GetUpdates", "result":"DeleteReceived", "context":{"id":"d01f0403-dc9e-40c2-87d3-f3e73b6cb51f", "isDeleted:":"true", "version":"1679409544250"}}
{"logTime": "0323/155406", "correlationVector":"bt8yURvLq+x9OrnDf14q32.18","action":"GetUpdates", "result":"DeleteReceived", "context":{"id":"4ecafc06-a01d-428c-aaed-327a752c5113", "isDeleted:":"true", "version":"1679583019662"}}
{"logTime": "0323/155406", "correlationVector":"bt8yURvLq+x9OrnDf14q32.19","action":"GetUpdates", "result":"DeleteReceived", "context":{"id":"c31f6451-1fe1-41bd-bb59-56e874d85645", "isDeleted:":"true", "version":"1679583019663"}}
{"logTime": "0323/155406", "correlationVector":"bt8yURvLq+x9OrnDf14q32.20","action":"GetUpdates", "result":"DeleteReceived", "context":{"id":"793c84c2-a875-4822-aefb-28076c1b7f46", "isDeleted:":"true", "version":"1679583724291"}}
{"logTime": "0323/155406", "correlationVector":"bt8yURvLq+x9OrnDf14q32.21","action":"GetUpdates", "result":"DeleteReceived", "context":{"id":"11aacc4b-2fc3-4efb-a3a9-2bd8e04842ca", "isDeleted:":"true", "version":"1679583891533"}}
{"logTime": "0323/155406", "correlationVector":"bt8yURvLq+x9OrnDf14q32.22","action":"GetUpdates", "result":"DeleteReceived", "context":{"id":"d550000a-f306-4cf0-b3af-8df04c592662", "isDeleted:":"true", "version":"1679583891534"}}
{"logTime": "0323/155406", "correlationVector":"bt8yURvLq+x9OrnDf14q32.23","action":"GetUpdates", "result":"DeleteReceived", "context":{"id":"67111ac8-1e6d-430e-b049-4389713fcd69", "isDeleted:":"true", "version":"1679583891536"}}
{"logTime": "0323/155406", "correlationVector":"bt8yURvLq+x9OrnDf14q32.24","action":"GetUpdates", "result":"DeleteReceived", "context":{"id":"709be4bd-7ceb-48de-95f8-616180dd7a29", "isDeleted:":"true", "version":"1679585470414"}}
{"logTime": "0323/155406", "correlationVector":"bt8yURvLq+x9OrnDf14q32.25","action":"GetUpdates", "result":"DeleteReceived", "context":{"id":"ffdbf0a6-5f25-47cb-993d-1fc4cdac8b8a", "isDeleted:":"true", "version":"1679585604387"}}
{"logTime": "0323/155406", "correlationVector":"bt8yURvLq+x9OrnDf14q32.26","action":"GetUpdates Response", "result":"SYNCER_OK", "context":Received 159 update(s). cV=bt8yURvLq+x9OrnDf14q32.0;server=GENERAL01000006;cloudType=Consumer;environment=Prod_SoutheastAsia_000j;migrationStage=NotStarted}
{"logTime": "0323/155406", "correlationVector":"0Yami5PMx1sWXDAAkK78TN","action":"Normal GetUpdate request", "result":"", "context":cV=0Yami5PMx1sWXDAAkK78TN
Nudged types: Bookmarks, Sessions, Device Info
Refresh requested types: Bookmarks, Preferences, Passwords, Autofill Profiles, Autofill, Autofill Custom Data, Typed URLs, Extensions, Sessions, Extension settings, History Delete Directives, Device Info, User Consents, Send Tab To Self, Web Apps, Collection, Edge E Drop, Encryption Keys}
{"logTime": "0323/155406", "correlationVector":"0Yami5PMx1sWXDAAkK78TN.1","action":"SyncServerConnectionManagerRequest", "result":"SYNC_SERVER_OK", "context":{"environment":"Prod_SoutheastAsia_000j", "migrationStage":"NotStarted", "server":"GENERAL01000005"}}
{"logTime": "0323/155406", "correlationVector":"0Yami5PMx1sWXDAAkK78TN.2","action":"GetUpdates Response", "result":"SYNCER_OK", "context":Received 0 update(s). cV=0Yami5PMx1sWXDAAkK78TN.0;server=GENERAL01000005;cloudType=Consumer;environment=Prod_SoutheastAsia_000j;migrationStage=NotStarted}
{"logTime": "0323/155406", "correlationVector":"zwBPVPu7WT9fCGPE5fjalW","action":"Commit Request", "result":"", "context":Item count: 1
Contributing types: Device Info}
{"logTime": "0323/155407", "correlationVector":"zwBPVPu7WT9fCGPE5fjalW.1","action":"SyncServerConnectionManagerRequest", "result":"SYNC_SERVER_OK", "context":{"environment":"Prod_SoutheastAsia_000j", "migrationStage":"NotStarted", "server":"GENERAL01000016"}}
{"logTime": "0323/155407", "correlationVector":"zwBPVPu7WT9fCGPE5fjalW.2","action":"Commit Response", "result":"SYNCER_OK", "context":Result: SYNCER_OK. cV=zwBPVPu7WT9fCGPE5fjalW.0;server=GENERAL01000016;cloudType=Consumer;environment=Prod_SoutheastAsia_000j;migrationStage=NotStarted}
{"logTime": "0323/155407", "correlationVector":"GhGi7Dafer8m4p9eScIoEh","action":"Commit Request", "result":"", "context":Item count: 4
Contributing types: Bookmarks, Sessions}
{"logTime": "0323/155408", "correlationVector":"GhGi7Dafer8m4p9eScIoEh.1","action":"SyncServerConnectionManagerRequest", "result":"SYNC_SERVER_OK", "context":{"environment":"Prod_SoutheastAsia_000j", "migrationStage":"NotStarted", "server":"GENERAL01000011"}}
{"logTime": "0323/155408", "correlationVector":"GhGi7Dafer8m4p9eScIoEh.2","action":"Commit Response", "result":"SYNCER_OK", "context":Result: SYNCER_OK. cV=GhGi7Dafer8m4p9eScIoEh.0;server=GENERAL01000011;cloudType=Consumer;environment=Prod_SoutheastAsia_000j;migrationStage=NotStarted}
{"logTime": "0323/155444", "correlationVector":"jgBIex4L+S0/2Nw5KTRtga","action":"Commit Request", "result":"", "context":Item count: 1
Contributing types: Sessions}
{"logTime": "0323/155513", "correlationVector":"jgBIex4L+S0/2Nw5KTRtga.1","action":"SyncServerConnectionManagerRequest", "result":"SYNC_SERVER_OK", "context":{"environment":"Prod_SoutheastAsia_000j", "migrationStage":"NotStarted", "server":"GENERAL0100000A"}}
{"logTime": "0323/155513", "correlationVector":"jgBIex4L+S0/2Nw5KTRtga.2","action":"Commit Response", "result":"SYNCER_OK", "context":Result: SYNCER_OK. cV=jgBIex4L+S0/2Nw5KTRtga.0;server=GENERAL0100000A;cloudType=Consumer;environment=Prod_SoutheastAsia_000j;migrationStage=NotStarted}
{"logTime": "0323/155943", "correlationVector":"P5vWzSiopTtg6vbOKsjv43","action":"Commit Request", "result":"", "context":Item count: 1
Contributing types: Sessions}
{"logTime": "0323/155945", "correlationVector":"P5vWzSiopTtg6vbOKsjv43.1","action":"SyncServerConnectionManagerRequest", "result":"SYNC_SERVER_OK", "context":{"environment":"Prod_SoutheastAsia_000j", "migrationStage":"NotStarted", "server":"GENERAL01000008"}}
{"logTime": "0323/155945", "correlationVector":"P5vWzSiopTtg6vbOKsjv43.2","action":"Commit Response", "result":"SYNCER_OK", "context":Result: SYNCER_OK. cV=P5vWzSiopTtg6vbOKsjv43.0;server=GENERAL01000008;cloudType=Consumer;environment=Prod_SoutheastAsia_000j;migrationStage=NotStarted}
{"logTime": "0323/160023", "correlationVector":"OJdj7yEDJx9K5jLfmLqLs6","action":"Commit Request", "result":"", "context":Item count: 1
Contributing types: Sessions}
{"logTime": "0323/160024", "correlationVector":"OJdj7yEDJx9K5jLfmLqLs6.1","action":"SyncServerConnectionManagerRequest", "result":"SYNC_SERVER_OK", "context":{"environment":"Prod_SoutheastAsia_000j", "migrationStage":"NotStarted", "server":"GENERAL0100001C"}}
{"logTime": "0323/160024", "correlationVector":"OJdj7yEDJx9K5jLfmLqLs6.2","action":"Commit Response", "result":"SYNCER_OK", "context":Result: SYNCER_OK. cV=OJdj7yEDJx9K5jLfmLqLs6.0;server=GENERAL0100001C;cloudType=Consumer;environment=Prod_SoutheastAsia_000j;migrationStage=NotStarted}
{"logTime": "0323/160447", "correlationVector":"/7muS7M+Lrbc4dwT1qScwK","action":"Commit Request", "result":"", "context":Item count: 1
Contributing types: Sessions}
{"logTime": "0323/160449", "correlationVector":"/7muS7M+Lrbc4dwT1qScwK.1","action":"SyncServerConnectionManagerRequest", "result":"SYNC_SERVER_OK", "context":{"environment":"Prod_SoutheastAsia_000j", "migrationStage":"NotStarted", "server":"GENERAL0100000L"}}
{"logTime": "0323/160449", "correlationVector":"/7muS7M+Lrbc4dwT1qScwK.2","action":"Commit Response", "result":"SYNCER_OK", "context":Result: SYNCER_OK. cV=/7muS7M+Lrbc4dwT1qScwK.0;server=GENERAL0100000L;cloudType=Consumer;environment=Prod_SoutheastAsia_000j;migrationStage=NotStarted}
{"logTime": "0323/160527", "correlationVector":"+i4Y3wnrz1C64nizHoroLO","action":"Commit Request", "result":"", "context":Item count: 1
Contributing types: Sessions}
{"logTime": "0323/160528", "correlationVector":"+i4Y3wnrz1C64nizHoroLO.1","action":"SyncServerConnectionManagerRequest", "result":"SYNC_SERVER_OK", "context":{"environment":"Prod_SoutheastAsia_000j", "migrationStage":"NotStarted", "server":"GENERAL0100000J"}}
{"logTime": "0323/160528", "correlationVector":"+i4Y3wnrz1C64nizHoroLO.2","action":"Commit Response", "result":"SYNCER_OK", "context":Result: SYNCER_OK. cV=+i4Y3wnrz1C64nizHoroLO.0;server=GENERAL0100000J;cloudType=Consumer;environment=Prod_SoutheastAsia_000j;migrationStage=NotStarted}
{"logTime": "0323/160900", "correlationVector":"pzf1xN2OE0ah76WYSNdmrk","action":"Commit Request", "result":"", "context":Item count: 1
Contributing types: Sessions}
{"logTime": "0323/160901", "correlationVector":"pzf1xN2OE0ah76WYSNdmrk.1","action":"SyncServerConnectionManagerRequest", "result":"SYNC_SERVER_OK", "context":{"environment":"Prod_SoutheastAsia_000j", "migrationStage":"NotStarted", "server":"GENERAL01000018"}}
{"logTime": "0323/160901", "correlationVector":"pzf1xN2OE0ah76WYSNdmrk.2","action":"Commit Response", "result":"SYNCER_OK", "context":Result: SYNCER_OK. cV=pzf1xN2OE0ah76WYSNdmrk.0;server=GENERAL01000018;cloudType=Consumer;environment=Prod_SoutheastAsia_000j;migrationStage=NotStarted}
{"logTime": "0323/161224", "correlationVector":"K3gh5LLZck0sRlgfgGa862","action":"Commit Request", "result":"", "context":Item count: 1
Contributing types: Sessions}
{"logTime": "0323/161226", "correlationVector":"K3gh5LLZck0sRlgfgGa862.1","action":"SyncServerConnectionManagerRequest", "result":"SYNC_SERVER_OK", "context":{"environment":"Prod_SoutheastAsia_000j", "migrationStage":"NotStarted", "server":"GENERAL0100000G"}}
{"logTime": "0323/161226", "correlationVector":"K3gh5LLZck0sRlgfgGa862.2","action":"Commit Response", "result":"SYNCER_OK", "context":Result: SYNCER_OK. cV=K3gh5LLZck0sRlgfgGa862.0;server=GENERAL0100000G;cloudType=Consumer;environment=Prod_SoutheastAsia_000j;migrationStage=NotStarted}
{"logTime": "0323/161357", "correlationVector":"7FxGVPpoJKYYdzIzJt4WNT","action":"Commit Request", "result":"", "context":Item count: 1
Contributing types: Sessions}
{"logTime": "0323/161358", "correlationVector":"7FxGVPpoJKYYdzIzJt4WNT.1","action":"SyncServerConnectionManagerRequest", "result":"SYNC_SERVER_OK", "context":{"environment":"Prod_SoutheastAsia_000j", "migrationStage":"NotStarted", "server":"GENERAL0100000A"}}
{"logTime": "0323/161358", "correlationVector":"7FxGVPpoJKYYdzIzJt4WNT.2","action":"Commit Response", "result":"SYNCER_OK", "context":Result: SYNCER_OK. cV=7FxGVPpoJKYYdzIzJt4WNT.0;server=GENERAL0100000A;cloudType=Consumer;environment=Prod_SoutheastAsia_000j;migrationStage=NotStarted}
{"logTime": "0323/164543", "correlationVector":"WNTejEbDPhgsHZNBzU6Hku","action":"Commit Request", "result":"", "context":Item count: 1
Contributing types: Sessions}
{"logTime": "0323/164545", "correlationVector":"WNTejEbDPhgsHZNBzU6Hku.1","action":"SyncServerConnectionManagerRequest", "result":"SYNC_SERVER_OK", "context":{"environment":"Prod_SoutheastAsia_000j", "migrationStage":"NotStarted", "server":"GENERAL01000013"}}
{"logTime": "0323/164545", "correlationVector":"WNTejEbDPhgsHZNBzU6Hku.2","action":"Commit Response", "result":"SYNCER_OK", "context":Result: SYNCER_OK. cV=WNTejEbDPhgsHZNBzU6Hku.0;server=GENERAL01000013;cloudType=Consumer;environment=Prod_SoutheastAsia_000j;migrationStage=NotStarted}
{"logTime": "0323/164545", "correlationVector":"WNTejEbDPhgsHZNBzU6Hku.3","action":"Commit.Sessions", "result":"Conflict", "context":{"id":"c721524d-2168-46cd-8050-5d0613f182b8", "isDeleted":"false", "size":"501", "version":"1679588039069"}}
{"logTime": "0323/164546", "correlationVector":"mPoR//DEhbqEzpdmLFnRyL","action":"Normal GetUpdate request", "result":"", "context":cV=mPoR//DEhbqEzpdmLFnRyL
Nudged types: Sessions
Refresh requested types: Autofill Profiles}
{"logTime": "0323/164547", "correlationVector":"mPoR//DEhbqEzpdmLFnRyL.1","action":"SyncServerConnectionManagerRequest", "result":"SYNC_SERVER_OK", "context":{"environment":"Prod_SoutheastAsia_000j", "migrationStage":"NotStarted", "server":"GENERAL0100000I"}}
{"logTime": "0323/164547", "correlationVector":"mPoR//DEhbqEzpdmLFnRyL.2","action":"GetUpdates", "result":"DeleteReceived", "context":{"id":"d01f0403-dc9e-40c2-87d3-f3e73b6cb51f", "isDeleted:":"true", "version":"1679409544250"}}
{"logTime": "0323/164547", "correlationVector":"mPoR//DEhbqEzpdmLFnRyL.3","action":"GetUpdates", "result":"DeleteReceived", "context":{"id":"4ecafc06-a01d-428c-aaed-327a752c5113", "isDeleted:":"true", "version":"1679583019662"}}
{"logTime": "0323/164547", "correlationVector":"mPoR//DEhbqEzpdmLFnRyL.4","action":"GetUpdates", "result":"DeleteReceived", "context":{"id":"c31f6451-1fe1-41bd-bb59-56e874d85645", "isDeleted:":"true", "version":"1679583019663"}}
{"logTime": "0323/164547", "correlationVector":"mPoR//DEhbqEzpdmLFnRyL.5","action":"GetUpdates", "result":"DeleteReceived", "context":{"id":"793c84c2-a875-4822-aefb-28076c1b7f46", "isDeleted:":"true", "version":"1679583724291"}}
{"logTime": "0323/164547", "correlationVector":"mPoR//DEhbqEzpdmLFnRyL.6","action":"GetUpdates", "result":"DeleteReceived", "context":{"id":"11aacc4b-2fc3-4efb-a3a9-2bd8e04842ca", "isDeleted:":"true", "version":"1679583891533"}}
{"logTime": "0323/164547", "correlationVector":"mPoR//DEhbqEzpdmLFnRyL.7","action":"GetUpdates", "result":"DeleteReceived", "context":{"id":"d550000a-f306-4cf0-b3af-8df04c592662", "isDeleted:":"true", "version":"1679583891534"}}
{"logTime": "0323/164547", "correlationVector":"mPoR//DEhbqEzpdmLFnRyL.8","action":"GetUpdates", "result":"DeleteReceived", "context":{"id":"67111ac8-1e6d-430e-b049-4389713fcd69", "isDeleted:":"true", "version":"1679583891536"}}
{"logTime": "0323/164547", "correlationVector":"mPoR//DEhbqEzpdmLFnRyL.9","action":"GetUpdates", "result":"DeleteReceived", "context":{"id":"709be4bd-7ceb-48de-95f8-616180dd7a29", "isDeleted:":"true", "version":"1679585470414"}}
{"logTime": "0323/164547", "correlationVector":"mPoR//DEhbqEzpdmLFnRyL.10","action":"GetUpdates", "result":"DeleteReceived", "context":{"id":"ffdbf0a6-5f25-47cb-993d-1fc4cdac8b8a", "isDeleted:":"true", "version":"1679585604387"}}
{"logTime": "0323/164547", "correlationVector":"mPoR//DEhbqEzpdmLFnRyL.11","action":"GetUpdates Response", "result":"SYNCER_OK", "context":Received 61 update(s). cV=mPoR//DEhbqEzpdmLFnRyL.0;server=GENERAL0100000I;cloudType=Consumer;environment=Prod_SoutheastAsia_000j;migrationStage=NotStarted}
{"logTime": "0323/164841", "correlationVector":"xcoT7LRVyzdJw3FcjSnez2","action":"Commit Request", "result":"", "context":Item count: 2
Contributing types: Sessions}
{"logTime": "0323/164854", "correlationVector":"xcoT7LRVyzdJw3FcjSnez2.1","action":"SyncServerConnectionManagerRequest", "result":"SYNC_SERVER_OK", "context":{"environment":"Prod_SoutheastAsia_000j", "migrationStage":"NotStarted", "server":"GENERAL01000017"}}
{"logTime": "0323/164854", "correlationVector":"xcoT7LRVyzdJw3FcjSnez2.2","action":"Commit Response", "result":"SYNCER_OK", "context":Result: SYNCER_OK. cV=xcoT7LRVyzdJw3FcjSnez2.0;server=GENERAL01000017;cloudType=Consumer;environment=Prod_SoutheastAsia_000j;migrationStage=NotStarted}
{"logTime": "0323/165121", "correlationVector":"PCyXWnEwUajsdQhoxw45WR","action":"Commit Request", "result":"", "context":Item count: 1
Contributing types: Sessions}
{"logTime": "0323/165123", "correlationVector":"PCyXWnEwUajsdQhoxw45WR.1","action":"SyncServerConnectionManagerRequest", "result":"SYNC_SERVER_OK", "context":{"environment":"Prod_SoutheastAsia_000j", "migrationStage":"NotStarted", "server":"GENERAL01000004"}}
{"logTime": "0323/165123", "correlationVector":"PCyXWnEwUajsdQhoxw45WR.2","action":"Commit Response", "result":"SYNCER_OK", "context":Result: SYNCER_OK. cV=PCyXWnEwUajsdQhoxw45WR.0;server=GENERAL01000004;cloudType=Consumer;environment=Prod_SoutheastAsia_000j;migrationStage=NotStarted}
{"logTime": "0323/165206", "correlationVector":"uYIXcJ0kIRLYznqpfSGlO5","action":"Commit Request", "result":"", "context":Item count: 1
Contributing types: Sessions}
{"logTime": "0323/165208", "correlationVector":"uYIXcJ0kIRLYznqpfSGlO5.1","action":"SyncServerConnectionManagerRequest", "result":"SYNC_SERVER_OK", "context":{"environment":"Prod_SoutheastAsia_000j", "migrationStage":"NotStarted", "server":"GENERAL0100000Z"}}
{"logTime": "0323/165208", "correlationVector":"uYIXcJ0kIRLYznqpfSGlO5.2","action":"Commit Response", "result":"SYNCER_OK", "context":Result: SYNCER_OK. cV=uYIXcJ0kIRLYznqpfSGlO5.0;server=GENERAL0100000Z;cloudType=Consumer;environment=Prod_SoutheastAsia_000j;migrationStage=NotStarted}
{"logTime": "0323/165342", "correlationVector":"UUnshvlMPJs247j2b2edTQ","action":"Commit Request", "result":"", "context":Item count: 1
Contributing types: Sessions}
{"logTime": "0323/165343", "correlationVector":"UUnshvlMPJs247j2b2edTQ.1","action":"SyncServerConnectionManagerRequest", "result":"SYNC_SERVER_OK", "context":{"environment":"Prod_SoutheastAsia_000j", "migrationStage":"NotStarted", "server":"GENERAL0100001F"}}
{"logTime": "0323/165343", "correlationVector":"UUnshvlMPJs247j2b2edTQ.2","action":"Commit Response", "result":"SYNCER_OK", "context":Result: SYNCER_OK. cV=UUnshvlMPJs247j2b2edTQ.0;server=GENERAL0100001F;cloudType=Consumer;environment=Prod_SoutheastAsia_000j;migrationStage=NotStarted}
{"logTime": "0323/171205", "correlationVector":"0C/fl712ZO2D4M8twGYd6F","action":"Commit Request", "result":"", "context":Item count: 1
Contributing types: Sessions}
{"logTime": "0323/171207", "correlationVector":"0C/fl712ZO2D4M8twGYd6F.1","action":"SyncServerConnectionManagerRequest", "result":"SYNC_SERVER_OK", "context":{"environment":"Prod_SoutheastAsia_000j", "migrationStage":"NotStarted", "server":"GENERAL01000007"}}
{"logTime": "0323/171207", "correlationVector":"0C/fl712ZO2D4M8twGYd6F.2","action":"Commit Response", "result":"SYNCER_OK", "context":Result: SYNCER_OK. cV=0C/fl712ZO2D4M8twGYd6F.0;server=GENERAL01000007;cloudType=Consumer;environment=Prod_SoutheastAsia_000j;migrationStage=NotStarted}
{"logTime": "0323/171604", "correlationVector":"tzIYPfBD/sWq4IffjnMsBw","action":"Commit Request", "result":"", "context":Item count: 1
Contributing types: Sessions}
{"logTime": "0323/171605", "correlationVector":"tzIYPfBD/sWq4IffjnMsBw.1","action":"SyncServerConnectionManagerRequest", "result":"SYNC_SERVER_OK", "context":{"environment":"Prod_SoutheastAsia_000j", "migrationStage":"NotStarted", "server":"GENERAL0100001F"}}
{"logTime": "0323/171605", "correlationVector":"tzIYPfBD/sWq4IffjnMsBw.2","action":"Commit Response", "result":"SYNCER_OK", "context":Result: SYNCER_OK. cV=tzIYPfBD/sWq4IffjnMsBw.0;server=GENERAL0100001F;cloudType=Consumer;environment=Prod_SoutheastAsia_000j;migrationStage=NotStarted}
{"logTime": "0323/171642", "correlationVector":"a7y05zUM8/+6iOApZFmfsS","action":"Commit Request", "result":"", "context":Item count: 1
Contributing types: Sessions}
{"logTime": "0323/171643", "correlationVector":"a7y05zUM8/+6iOApZFmfsS.1","action":"SyncServerConnectionManagerRequest", "result":"SYNC_SERVER_OK", "context":{"environment":"Prod_SoutheastAsia_000j", "migrationStage":"NotStarted", "server":"GENERAL01000008"}}
{"logTime": "0323/171643", "correlationVector":"a7y05zUM8/+6iOApZFmfsS.2","action":"Commit Response", "result":"SYNCER_OK", "context":Result: SYNCER_OK. cV=a7y05zUM8/+6iOApZFmfsS.0;server=GENERAL01000008;cloudType=Consumer;environment=Prod_SoutheastAsia_000j;migrationStage=NotStarted}
{"logTime": "0323/171724", "correlationVector":"SF0tDhHXEzS/ny8yijdKPq","action":"Commit Request", "result":"", "context":Item count: 1
Contributing types: Sessions}
{"logTime": "0323/171726", "correlationVector":"SF0tDhHXEzS/ny8yijdKPq.1","action":"SyncServerConnectionManagerRequest", "result":"SYNC_SERVER_OK", "context":{"environment":"Prod_SoutheastAsia_000j", "migrationStage":"NotStarted", "server":"GENERAL01000008"}}
{"logTime": "0323/171726", "correlationVector":"SF0tDhHXEzS/ny8yijdKPq.2","action":"Commit Response", "result":"SYNCER_OK", "context":Result: SYNCER_OK. cV=SF0tDhHXEzS/ny8yijdKPq.0;server=GENERAL01000008;cloudType=Consumer;environment=Prod_SoutheastAsia_000j;migrationStage=NotStarted}
{"logTime": "0323/171809", "correlationVector":"d1KNOJo+Z7xvt9pmZPnhos","action":"Commit Request", "result":"", "context":Item count: 1
Contributing types: Sessions}
{"logTime": "0323/171810", "correlationVector":"d1KNOJo+Z7xvt9pmZPnhos.1","action":"SyncServerConnectionManagerRequest", "result":"SYNC_SERVER_OK", "context":{"environment":"Prod_SoutheastAsia_000j", "migrationStage":"NotStarted", "server":"GENERAL0100001K"}}
{"logTime": "0323/171810", "correlationVector":"d1KNOJo+Z7xvt9pmZPnhos.2","action":"Commit Response", "result":"SYNCER_OK", "context":Result: SYNCER_OK. cV=d1KNOJo+Z7xvt9pmZPnhos.0;server=GENERAL0100001K;cloudType=Consumer;environment=Prod_SoutheastAsia_000j;migrationStage=NotStarted}
{"logTime": "0323/171928", "correlationVector":"wbdTNQw2RKa47rbgWnRj++","action":"Commit Request", "result":"", "context":Item count: 1
Contributing types: Sessions}
{"logTime": "0323/171929", "correlationVector":"wbdTNQw2RKa47rbgWnRj++.1","action":"SyncServerConnectionManagerRequest", "result":"SYNC_SERVER_OK", "context":{"environment":"Prod_SoutheastAsia_000j", "migrationStage":"NotStarted", "server":"GENERAL0100000N"}}
{"logTime": "0323/171929", "correlationVector":"wbdTNQw2RKa47rbgWnRj++.2","action":"Commit Response", "result":"SYNCER_OK", "context":Result: SYNCER_OK. cV=wbdTNQw2RKa47rbgWnRj++.0;server=GENERAL0100000N;cloudType=Consumer;environment=Prod_SoutheastAsia_000j;migrationStage=NotStarted}
{"logTime": "0323/172021", "correlationVector":"UcQl5WfEipnGu9TYI3VzZv","action":"Commit Request", "result":"", "context":Item count: 1
Contributing types: Sessions}
{"logTime": "0323/172022", "correlationVector":"UcQl5WfEipnGu9TYI3VzZv.1","action":"SyncServerConnectionManagerRequest", "result":"SYNC_SERVER_OK", "context":{"environment":"Prod_SoutheastAsia_000j", "migrationStage":"NotStarted", "server":"GENERAL01000009"}}
{"logTime": "0323/172022", "correlationVector":"UcQl5WfEipnGu9TYI3VzZv.2","action":"Commit Response", "result":"SYNCER_OK", "context":Result: SYNCER_OK. cV=UcQl5WfEipnGu9TYI3VzZv.0;server=GENERAL01000009;cloudType=Consumer;environment=Prod_SoutheastAsia_000j;migrationStage=NotStarted}
{"logTime": "0323/172202", "correlationVector":"8FpRgvVWbMm/jdoQaZkxEw","action":"Commit Request", "result":"", "context":Item count: 1
Contributing types: Sessions}
{"logTime": "0323/172203", "correlationVector":"8FpRgvVWbMm/jdoQaZkxEw.1","action":"SyncServerConnectionManagerRequest", "result":"SYNC_SERVER_OK", "context":{"environment":"Prod_SoutheastAsia_000j", "migrationStage":"NotStarted", "server":"GENERAL01000008"}}
{"logTime": "0323/172203", "correlationVector":"8FpRgvVWbMm/jdoQaZkxEw.2","action":"Commit Response", "result":"SYNCER_OK", "context":Result: SYNCER_OK. cV=8FpRgvVWbMm/jdoQaZkxEw.0;server=GENERAL01000008;cloudType=Consumer;environment=Prod_SoutheastAsia_000j;migrationStage=NotStarted}
{"logTime": "0323/172302", "correlationVector":"UB5ErlzR61RcsMeDn7kRHt","action":"Commit Request", "result":"", "context":Item count: 1
Contributing types: Sessions}
{"logTime": "0323/172303", "correlationVector":"UB5ErlzR61RcsMeDn7kRHt.1","action":"SyncServerConnectionManagerRequest", "result":"SYNC_SERVER_OK", "context":{"environment":"Prod_SoutheastAsia_000j", "migrationStage":"NotStarted", "server":"GENERAL0100001B"}}
{"logTime": "0323/172303", "correlationVector":"UB5ErlzR61RcsMeDn7kRHt.2","action":"Commit Response", "result":"SYNCER_OK", "context":Result: SYNCER_OK. cV=UB5ErlzR61RcsMeDn7kRHt.0;server=GENERAL0100001B;cloudType=Consumer;environment=Prod_SoutheastAsia_000j;migrationStage=NotStarted}
{"logTime": "0323/172603", "correlationVector":"8lbb3tw7wMh8GAxbIfFEkc","action":"Commit Request", "result":"", "context":Item count: 1
Contributing types: Sessions}
{"logTime": "0323/172604", "correlationVector":"8lbb3tw7wMh8GAxbIfFEkc.1","action":"SyncServerConnectionManagerRequest", "result":"SYNC_SERVER_OK", "context":{"environment":"Prod_SoutheastAsia_000j", "migrationStage":"NotStarted", "server":"GENERAL0100000K"}}
{"logTime": "0323/172604", "correlationVector":"8lbb3tw7wMh8GAxbIfFEkc.2","action":"Commit Response", "result":"SYNCER_OK", "context":Result: SYNCER_OK. cV=8lbb3tw7wMh8GAxbIfFEkc.0;server=GENERAL0100000K;cloudType=Consumer;environment=Prod_SoutheastAsia_000j;migrationStage=NotStarted}
{"logTime": "0323/173602", "correlationVector":"Wf17O21ZPWcWvmBJA4dHhx","action":"Commit Request", "result":"", "context":Item count: 1
Contributing types: Sessions}
{"logTime": "0323/173604", "correlationVector":"Wf17O21ZPWcWvmBJA4dHhx.1","action":"SyncServerConnectionManagerRequest", "result":"SYNC_SERVER_OK", "context":{"environment":"Prod_SoutheastAsia_000j", "migrationStage":"NotStarted", "server":"GENERAL0100000X"}}
{"logTime": "0323/173604", "correlationVector":"Wf17O21ZPWcWvmBJA4dHhx.2","action":"Commit Response", "result":"SYNCER_OK", "context":Result: SYNCER_OK. cV=Wf17O21ZPWcWvmBJA4dHhx.0;server=GENERAL0100000X;cloudType=Consumer;environment=Prod_SoutheastAsia_000j;migrationStage=NotStarted}
{"logTime": "0323/173713", "correlationVector":"vNW8JVLITyp3H7wOkMRCLe","action":"Commit Request", "result":"", "context":Item count: 1
Contributing types: Sessions}
{"logTime": "0323/173714", "correlationVector":"vNW8JVLITyp3H7wOkMRCLe.1","action":"SyncServerConnectionManagerRequest", "result":"SYNC_SERVER_OK", "context":{"environment":"Prod_SoutheastAsia_000j", "migrationStage":"NotStarted", "server":"GENERAL0100000G"}}
{"logTime": "0323/173715", "correlationVector":"vNW8JVLITyp3H7wOkMRCLe.2","action":"Commit Response", "result":"SYNCER_OK", "context":Result: SYNCER_OK. cV=vNW8JVLITyp3H7wOkMRCLe.0;server=GENERAL0100000G;cloudType=Consumer;environment=Prod_SoutheastAsia_000j;migrationStage=NotStarted}
{"logTime": "0323/173838", "correlationVector":"tPvJAxDGk4yFP0bDFSXCJr","action":"Commit Request", "result":"", "context":Item count: 1
Contributing types: Sessions}
{"logTime": "0323/173839", "correlationVector":"tPvJAxDGk4yFP0bDFSXCJr.1","action":"SyncServerConnectionManagerRequest", "result":"SYNC_SERVER_OK", "context":{"environment":"Prod_SoutheastAsia_000j", "migrationStage":"NotStarted", "server":"GENERAL0100000E"}}
{"logTime": "0323/173839", "correlationVector":"tPvJAxDGk4yFP0bDFSXCJr.2","action":"Commit Response", "result":"SYNCER_OK", "context":Result: SYNCER_OK. cV=tPvJAxDGk4yFP0bDFSXCJr.0;server=GENERAL0100000E;cloudType=Consumer;environment=Prod_SoutheastAsia_000j;migrationStage=NotStarted}
{"logTime": "0323/173955", "correlationVector":"ZwhxrjXqAhkKFGImQCZR9g","action":"Commit Request", "result":"", "context":Item count: 1
Contributing types: Sessions}
{"logTime": "0323/173956", "correlationVector":"ZwhxrjXqAhkKFGImQCZR9g.1","action":"SyncServerConnectionManagerRequest", "result":"SYNC_SERVER_OK", "context":{"environment":"Prod_SoutheastAsia_000j", "migrationStage":"NotStarted", "server":"GENERAL0100001K"}}
{"logTime": "0323/173956", "correlationVector":"ZwhxrjXqAhkKFGImQCZR9g.2","action":"Commit Response", "result":"SYNCER_OK", "context":Result: SYNCER_OK. cV=ZwhxrjXqAhkKFGImQCZR9g.0;server=GENERAL0100001K;cloudType=Consumer;environment=Prod_SoutheastAsia_000j;migrationStage=NotStarted}
{"logTime": "0323/174218", "correlationVector":"rOi+fXnOIWuw7aN86IkXct","action":"Commit Request", "result":"", "context":Item count: 1
Contributing types: Sessions}
{"logTime": "0323/174220", "correlationVector":"rOi+fXnOIWuw7aN86IkXct.1","action":"SyncServerConnectionManagerRequest", "result":"SYNC_SERVER_OK", "context":{"environment":"Prod_SoutheastAsia_000j", "migrationStage":"NotStarted", "server":"GENERAL0100000E"}}
{"logTime": "0323/174220", "correlationVector":"rOi+fXnOIWuw7aN86IkXct.2","action":"Commit Response", "result":"SYNCER_OK", "context":Result: SYNCER_OK. cV=rOi+fXnOIWuw7aN86IkXct.0;server=GENERAL0100000E;cloudType=Consumer;environment=Prod_SoutheastAsia_000j;migrationStage=NotStarted}
{"logTime": "0323/174254", "correlationVector":"wIV2rV9XoLGv9Xj+GiIDpy","action":"Commit Request", "result":"", "context":Item count: 1
Contributing types: Sessions}
{"logTime": "0323/174255", "correlationVector":"wIV2rV9XoLGv9Xj+GiIDpy.1","action":"SyncServerConnectionManagerRequest", "result":"SYNC_SERVER_OK", "context":{"environment":"Prod_SoutheastAsia_000j", "migrationStage":"NotStarted", "server":"GENERAL01000016"}}
{"logTime": "0323/174255", "correlationVector":"wIV2rV9XoLGv9Xj+GiIDpy.2","action":"Commit Response", "result":"SYNCER_OK", "context":Result: SYNCER_OK. cV=wIV2rV9XoLGv9Xj+GiIDpy.0;server=GENERAL01000016;cloudType=Consumer;environment=Prod_SoutheastAsia_000j;migrationStage=NotStarted}
{"logTime": "0323/174411", "correlationVector":"6Ty5610+Xd7dZhIDopC9Lx","action":"Commit Request", "result":"", "context":Item count: 1
Contributing types: Sessions}
{"logTime": "0323/174413", "correlationVector":"6Ty5610+Xd7dZhIDopC9Lx.1","action":"SyncServerConnectionManagerRequest", "result":"SYNC_SERVER_OK", "context":{"environment":"Prod_SoutheastAsia_000j", "migrationStage":"NotStarted", "server":"GENERAL01000018"}}
{"logTime": "0323/174413", "correlationVector":"6Ty5610+Xd7dZhIDopC9Lx.2","action":"Commit Response", "result":"SYNCER_OK", "context":Result: SYNCER_OK. cV=6Ty5610+Xd7dZhIDopC9Lx.0;server=GENERAL01000018;cloudType=Consumer;environment=Prod_SoutheastAsia_000j;migrationStage=NotStarted}
{"logTime": "0323/174620", "correlationVector":"ArS5YuXgHJjYl/CvNKYGe8","action":"Commit Request", "result":"", "context":Item count: 1
Contributing types: Sessions}
{"logTime": "0323/174621", "correlationVector":"ArS5YuXgHJjYl/CvNKYGe8.1","action":"SyncServerConnectionManagerRequest", "result":"SYNC_SERVER_OK", "context":{"environment":"Prod_SoutheastAsia_000j", "migrationStage":"NotStarted", "server":"GENERAL01000006"}}
{"logTime": "0323/174621", "correlationVector":"ArS5YuXgHJjYl/CvNKYGe8.2","action":"Commit Response", "result":"SYNCER_OK", "context":Result: SYNCER_OK. cV=ArS5YuXgHJjYl/CvNKYGe8.0;server=GENERAL01000006;cloudType=Consumer;environment=Prod_SoutheastAsia_000j;migrationStage=NotStarted}
{"logTime": "0323/174657", "correlationVector":"+K8mJ2+eM/xn+uLXvqdXbw","action":"Commit Request", "result":"", "context":Item count: 1
Contributing types: Sessions}
{"logTime": "0323/174658", "correlationVector":"+K8mJ2+eM/xn+uLXvqdXbw.1","action":"SyncServerConnectionManagerRequest", "result":"SYNC_SERVER_OK", "context":{"environment":"Prod_SoutheastAsia_000j", "migrationStage":"NotStarted", "server":"GENERAL0100000V"}}
{"logTime": "0323/174658", "correlationVector":"+K8mJ2+eM/xn+uLXvqdXbw.2","action":"Commit Response", "result":"SYNCER_OK", "context":Result: SYNCER_OK. cV=+K8mJ2+eM/xn+uLXvqdXbw.0;server=GENERAL0100000V;cloudType=Consumer;environment=Prod_SoutheastAsia_000j;migrationStage=NotStarted}
{"logTime": "0323/174909", "correlationVector":"PmHXPEfjBYvRppZq5aKjjo","action":"Commit Request", "result":"", "context":Item count: 1
Contributing types: Sessions}
{"logTime": "0323/174910", "correlationVector":"PmHXPEfjBYvRppZq5aKjjo.1","action":"SyncServerConnectionManagerRequest", "result":"SYNC_SERVER_OK", "context":{"environment":"Prod_SoutheastAsia_000j", "migrationStage":"NotStarted", "server":"GENERAL01000004"}}
{"logTime": "0323/174910", "correlationVector":"PmHXPEfjBYvRppZq5aKjjo.2","action":"Commit Response", "result":"SYNCER_OK", "context":Result: SYNCER_OK. cV=PmHXPEfjBYvRppZq5aKjjo.0;server=GENERAL01000004;cloudType=Consumer;environment=Prod_SoutheastAsia_000j;migrationStage=NotStarted}
{"logTime": "0323/175110", "correlationVector":"sQFYPbxjhNbH73cswDIK8w","action":"Commit Request", "result":"", "context":Item count: 1
Contributing types: Sessions}
{"logTime": "0323/175111", "correlationVector":"sQFYPbxjhNbH73cswDIK8w.1","action":"SyncServerConnectionManagerRequest", "result":"SYNC_SERVER_OK", "context":{"environment":"Prod_SoutheastAsia_000j", "migrationStage":"NotStarted", "server":"GENERAL01000017"}}
{"logTime": "0323/175111", "correlationVector":"sQFYPbxjhNbH73cswDIK8w.2","action":"Commit Response", "result":"SYNCER_OK", "context":Result: SYNCER_OK. cV=sQFYPbxjhNbH73cswDIK8w.0;server=GENERAL01000017;cloudType=Consumer;environment=Prod_SoutheastAsia_000j;migrationStage=NotStarted}
{"logTime": "0323/175310", "correlationVector":"VfMhmqxK/ZYPepSPdJUmMI","action":"Commit Request", "result":"", "context":Item count: 1
Contributing types: Sessions}
{"logTime": "0323/175312", "correlationVector":"VfMhmqxK/ZYPepSPdJUmMI.1","action":"SyncServerConnectionManagerRequest", "result":"SYNC_SERVER_OK", "context":{"environment":"Prod_SoutheastAsia_000j", "migrationStage":"NotStarted", "server":"GENERAL0100000W"}}
{"logTime": "0323/175312", "correlationVector":"VfMhmqxK/ZYPepSPdJUmMI.2","action":"Commit Response", "result":"SYNCER_OK", "context":Result: SYNCER_OK. cV=VfMhmqxK/ZYPepSPdJUmMI.0;server=GENERAL0100000W;cloudType=Consumer;environment=Prod_SoutheastAsia_000j;migrationStage=NotStarted}
{"logTime": "0323/175412", "correlationVector":"/TgT3ElAltfRi1zh9IB6xW","action":"Commit Request", "result":"", "context":Item count: 1
Contributing types: Sessions}
{"logTime": "0323/175413", "correlationVector":"/TgT3ElAltfRi1zh9IB6xW.1","action":"SyncServerConnectionManagerRequest", "result":"SYNC_SERVER_OK", "context":{"environment":"Prod_SoutheastAsia_000j", "migrationStage":"NotStarted", "server":"GENERAL01000015"}}
{"logTime": "0323/175413", "correlationVector":"/TgT3ElAltfRi1zh9IB6xW.2","action":"Commit Response", "result":"SYNCER_OK", "context":Result: SYNCER_OK. cV=/TgT3ElAltfRi1zh9IB6xW.0;server=GENERAL01000015;cloudType=Consumer;environment=Prod_SoutheastAsia_000j;migrationStage=NotStarted}
{"logTime": "0323/181017", "correlationVector":"LKEkZ7uQyIt25sR0ehqLnj","action":"Commit Request", "result":"", "context":Item count: 1
Contributing types: Sessions}
{"logTime": "0323/181018", "correlationVector":"LKEkZ7uQyIt25sR0ehqLnj.1","action":"SyncServerConnectionManagerRequest", "result":"SYNC_SERVER_OK", "context":{"environment":"Prod_SoutheastAsia_000j", "migrationStage":"NotStarted", "server":"GENERAL01000010"}}
{"logTime": "0323/181018", "correlationVector":"LKEkZ7uQyIt25sR0ehqLnj.2","action":"Commit Response", "result":"SYNCER_OK", "context":Result: SYNCER_OK. cV=LKEkZ7uQyIt25sR0ehqLnj.0;server=GENERAL01000010;cloudType=Consumer;environment=Prod_SoutheastAsia_000j;migrationStage=NotStarted}
{"logTime": "0323/181110", "correlationVector":"2kQ/YlsiLcIoEI598BW57O","action":"Commit Request", "result":"", "context":Item count: 1
Contributing types: Sessions}
{"logTime": "0323/181112", "correlationVector":"2kQ/YlsiLcIoEI598BW57O.1","action":"SyncServerConnectionManagerRequest", "result":"SYNC_SERVER_OK", "context":{"environment":"Prod_SoutheastAsia_000j", "migrationStage":"NotStarted", "server":"GENERAL0100001K"}}
{"logTime": "0323/181112", "correlationVector":"2kQ/YlsiLcIoEI598BW57O.2","action":"Commit Response", "result":"SYNCER_OK", "context":Result: SYNCER_OK. cV=2kQ/YlsiLcIoEI598BW57O.0;server=GENERAL0100001K;cloudType=Consumer;environment=Prod_SoutheastAsia_000j;migrationStage=NotStarted}
{"logTime": "0323/181457", "correlationVector":"WEEQWgQ9rYqafajBUGvVyI","action":"Commit Request", "result":"", "context":Item count: 1
Contributing types: Sessions}
{"logTime": "0323/181459", "correlationVector":"WEEQWgQ9rYqafajBUGvVyI.1","action":"SyncServerConnectionManagerRequest", "result":"SYNC_SERVER_OK", "context":{"environment":"Prod_SoutheastAsia_000j", "migrationStage":"NotStarted", "server":"GENERAL01000003"}}
{"logTime": "0323/181459", "correlationVector":"WEEQWgQ9rYqafajBUGvVyI.2","action":"Commit Response", "result":"SYNCER_OK", "context":Result: SYNCER_OK. cV=WEEQWgQ9rYqafajBUGvVyI.0;server=GENERAL01000003;cloudType=Consumer;environment=Prod_SoutheastAsia_000j;migrationStage=NotStarted}
{"logTime": "0323/181903", "correlationVector":"3SnDJPdXY7yNVu1oA1rD/X","action":"Commit Request", "result":"", "context":Item count: 1
Contributing types: Sessions}
{"logTime": "0323/181905", "correlationVector":"3SnDJPdXY7yNVu1oA1rD/X.1","action":"SyncServerConnectionManagerRequest", "result":"SYNC_SERVER_OK", "context":{"environment":"Prod_SoutheastAsia_000j", "migrationStage":"NotStarted", "server":"GENERAL0100000W"}}
{"logTime": "0323/181905", "correlationVector":"3SnDJPdXY7yNVu1oA1rD/X.2","action":"Commit Response", "result":"SYNCER_OK", "context":Result: SYNCER_OK. cV=3SnDJPdXY7yNVu1oA1rD/X.0;server=GENERAL0100000W;cloudType=Consumer;environment=Prod_SoutheastAsia_000j;migrationStage=NotStarted}
{"logTime": "0323/181936", "correlationVector":"QTgBD7xiSREG25JJGbKvQC","action":"Commit Request", "result":"", "context":Item count: 1
Contributing types: Sessions}
{"logTime": "0323/181938", "correlationVector":"QTgBD7xiSREG25JJGbKvQC.1","action":"SyncServerConnectionManagerRequest", "result":"SYNC_SERVER_OK", "context":{"environment":"Prod_SoutheastAsia_000j", "migrationStage":"NotStarted", "server":"GENERAL0100000A"}}
{"logTime": "0323/181938", "correlationVector":"QTgBD7xiSREG25JJGbKvQC.2","action":"Commit Response", "result":"SYNCER_OK", "context":Result: SYNCER_OK. cV=QTgBD7xiSREG25JJGbKvQC.0;server=GENERAL0100000A;cloudType=Consumer;environment=Prod_SoutheastAsia_000j;migrationStage=NotStarted}
{"logTime": "0323/182013", "correlationVector":"vj22AaM6Dep/Q/Je7h73aL","action":"Commit Request", "result":"", "context":Item count: 1
Contributing types: Sessions}
{"logTime": "0323/182014", "correlationVector":"vj22AaM6Dep/Q/Je7h73aL.1","action":"SyncServerConnectionManagerRequest", "result":"SYNC_SERVER_OK", "context":{"environment":"Prod_SoutheastAsia_000j", "migrationStage":"NotStarted", "server":"GENERAL0100000M"}}
{"logTime": "0323/182014", "correlationVector":"vj22AaM6Dep/Q/Je7h73aL.2","action":"Commit Response", "result":"SYNCER_OK", "context":Result: SYNCER_OK. cV=vj22AaM6Dep/Q/Je7h73aL.0;server=GENERAL0100000M;cloudType=Consumer;environment=Prod_SoutheastAsia_000j;migrationStage=NotStarted}
{"logTime": "0323/182140", "correlationVector":"VeA5+0QHuq4agE4RbnT7rO","action":"Commit Request", "result":"", "context":Item count: 1
Contributing types: Sessions}
{"logTime": "0323/182142", "correlationVector":"VeA5+0QHuq4agE4RbnT7rO.1","action":"SyncServerConnectionManagerRequest", "result":"SYNC_SERVER_OK", "context":{"environment":"Prod_SoutheastAsia_000j", "migrationStage":"NotStarted", "server":"GENERAL01000011"}}
{"logTime": "0323/182142", "correlationVector":"VeA5+0QHuq4agE4RbnT7rO.2","action":"Commit Response", "result":"SYNCER_OK", "context":Result: SYNCER_OK. cV=VeA5+0QHuq4agE4RbnT7rO.0;server=GENERAL01000011;cloudType=Consumer;environment=Prod_SoutheastAsia_000j;migrationStage=NotStarted}
{"logTime": "0323/182330", "correlationVector":"jToBf9tZozIdOxD9x6EdYI","action":"Commit Request", "result":"", "context":Item count: 1
Contributing types: Sessions}
{"logTime": "0323/182332", "correlationVector":"jToBf9tZozIdOxD9x6EdYI.1","action":"SyncServerConnectionManagerRequest", "result":"SYNC_SERVER_OK", "context":{"environment":"Prod_SoutheastAsia_000j", "migrationStage":"NotStarted", "server":"GENERAL0100000T"}}
{"logTime": "0323/182332", "correlationVector":"jToBf9tZozIdOxD9x6EdYI.2","action":"Commit Response", "result":"SYNCER_OK", "context":Result: SYNCER_OK. cV=jToBf9tZozIdOxD9x6EdYI.0;server=GENERAL0100000T;cloudType=Consumer;environment=Prod_SoutheastAsia_000j;migrationStage=NotStarted}
